app/build/intermediates/manifest_merge_blame_file/debug/manifest-merger-blame-debug-report.txt
1<?xml version="1.0" encoding="utf-8"?>
2<manifest xmlns:android="http://schemas.android.com/apk/res/android"
3    package="org.tensorflow.lite.examples.bertapp"
4    android:versionCode="1"
5    android:versionName="1.0" >
6
7    <uses-sdk
8        android:minSdkVersion="26"
8-->src\main\AndroidManifest.xml
9        android:targetSdkVersion="29" />
9-->src\main\AndroidManifest.xml
10
11    <application
11-->src\main\AndroidManifest.xml:6:5-53:19
12        android:allowBackup="true"
12-->src\main\AndroidManifest.xml:7:9-35
13        android:appComponentFactory="androidx.core.app.CoreComponentFactory"
13-->[androidx.core:core:1.1.0] AndroidManifest.xml:24:18-86
14        android:debuggable="true"
15        android:extractNativeLibs="false"
16        android:icon="@mipmap/ic_launcher"
16-->src\main\AndroidManifest.xml:8:9-43
17        android:label="@string/banner_title"
17-->src\main\AndroidManifest.xml:9:9-45
18        android:roundIcon="@mipmap/ic_launcher_round"
18-->src\main\AndroidManifest.xml:10:9-54
19        android:supportsRtl="true"
19-->src\main\AndroidManifest.xml:11:9-35
20        android:testOnly="true"
21        android:theme="@style/AppTheme.QA" >
21-->src\main\AndroidManifest.xml:12:9-43
22        <activity
22-->src\main\AndroidManifest.xml:14:9-20:20
23            android:name="org.tensorflow.lite.examples.bertqa.AboutUs"
23-->src\main\AndroidManifest.xml:15:13-36
24            android:exported="false" >
24-->src\main\AndroidManifest.xml:16:13-37
25            <meta-data
25-->src\main\AndroidManifest.xml:17:13-19:36
26                android:name="android.app.lib_name"
26-->src\main\AndroidManifest.xml:18:17-52
27                android:value="" />
27-->src\main\AndroidManifest.xml:19:17-33
28        </activity>
29        <activity
29-->src\main\AndroidManifest.xml:21:9-33:20
30            android:name="org.tensorflow.lite.examples.bertqa.LoginActivity"
30-->src\main\AndroidManifest.xml:22:13-42
31            android:exported="true" >
31-->src\main\AndroidManifest.xml:23:13-36
32            <meta-data
32-->src\main\AndroidManifest.xml:17:13-19:36
33                android:name="android.app.lib_name"
33-->src\main\AndroidManifest.xml:18:17-52
34                android:value="" />
34-->src\main\AndroidManifest.xml:19:17-33
35
36            <intent-filter>
36-->src\main\AndroidManifest.xml:28:13-32:29
37                <action android:name="android.intent.action.MAIN" />
37-->src\main\AndroidManifest.xml:29:17-69
37-->src\main\AndroidManifest.xml:29:25-66
38
39                <category android:name="android.intent.category.LAUNCHER" />
39-->src\main\AndroidManifest.xml:31:17-77
39-->src\main\AndroidManifest.xml:31:27-74
40            </intent-filter>
41        </activity>
42        <activity
42-->src\main\AndroidManifest.xml:34:9-40:20
43            android:name="org.tensorflow.lite.examples.bertqa.MainActivity"
43-->src\main\AndroidManifest.xml:35:13-41
44            android:exported="true" >
44-->src\main\AndroidManifest.xml:36:13-36
45            <meta-data
45-->src\main\AndroidManifest.xml:17:13-19:36
46                android:name="android.app.lib_name"
46-->src\main\AndroidManifest.xml:18:17-52
47                android:value="" />
47-->src\main\AndroidManifest.xml:19:17-33
48        </activity>
49        <activity
49-->src\main\AndroidManifest.xml:41:9-48:20
50            android:name="org.tensorflow.lite.examples.bertqa.ui.QaActivity"
50-->src\main\AndroidManifest.xml:42:13-42
51            android:exported="false"
51-->src\main\AndroidManifest.xml:43:13-37
52            android:parentActivityName="org.tensorflow.lite.examples.bertqa.ui.DatasetListActivity" >
52-->src\main\AndroidManifest.xml:44:13-65
53            <meta-data
53-->src\main\AndroidManifest.xml:45:13-47:59
54                android:name="android.support.PARENT_ACTIVITY"
54-->src\main\AndroidManifest.xml:46:17-63
55                android:value=".ui.DatasetListActivity" />
55-->src\main\AndroidManifest.xml:47:17-56
56        </activity>
57        <activity
57-->src\main\AndroidManifest.xml:49:9-52:75
58            android:name="org.tensorflow.lite.examples.bertqa.ui.DatasetListActivity"
58-->src\main\AndroidManifest.xml:50:13-51
59            android:exported="false"
59-->src\main\AndroidManifest.xml:51:13-37
60            android:theme="@style/AppTheme.QA.NoTitleActivity" />
60-->src\main\AndroidManifest.xml:52:13-63
61    </application>
62
63</manifest>